#! /c/Source/iverilog-install/bin/vvp
:ivl_version "12.0 (devel)" "(s20150603-1539-g2693dd32b)";
:ivl_delay_selection "TYPICAL";
:vpi_time_precision + 0;
:vpi_module "C:\iverilog\lib\ivl\system.vpi";
:vpi_module "C:\iverilog\lib\ivl\vhdl_sys.vpi";
:vpi_module "C:\iverilog\lib\ivl\vhdl_textio.vpi";
:vpi_module "C:\iverilog\lib\ivl\v2005_math.vpi";
:vpi_module "C:\iverilog\lib\ivl\va_math.vpi";
S_0000021df14f6420 .scope module, "counter_tb" "counter_tb" 2 2;
 .timescale 0 0;
v0000021df15bae40_0 .var "clk", 0 0;
v0000021df15baee0_0 .var "clr", 0 0;
v0000021df1538820_0 .net "out", 7 0, v0000021df14f67e0_0;  1 drivers
S_0000021df14f65b0 .scope module, "C1" "counter" 2 7, 3 1 0, S_0000021df14f6420;
 .timescale 0 0;
    .port_info 0 /INPUT 1 "clear";
    .port_info 1 /INPUT 1 "clock";
    .port_info 2 /OUTPUT 8 "count";
P_0000021df15bb770 .param/l "N" 0 3 3, +C4<00000000000000000000000000000111>;
v0000021df15b8d10_0 .net "clear", 0 0, v0000021df15baee0_0;  1 drivers
v0000021df14f6740_0 .net "clock", 0 0, v0000021df15bae40_0;  1 drivers
v0000021df14f67e0_0 .var "count", 7 0;
E_0000021df15bb0b0 .event negedge, v0000021df14f6740_0;
    .scope S_0000021df14f65b0;
T_0 ;
    %wait E_0000021df15bb0b0;
    %load/vec4 v0000021df15b8d10_0;
    %flag_set/vec4 8;
    %jmp/0xz  T_0.0, 8;
    %pushi/vec4 0, 0, 8;
    %assign/vec4 v0000021df14f67e0_0, 0;
    %jmp T_0.1;
T_0.0 ;
    %load/vec4 v0000021df14f67e0_0;
    %addi 1, 0, 8;
    %assign/vec4 v0000021df14f67e0_0, 0;
T_0.1 ;
    %jmp T_0;
    .thread T_0;
    .scope S_0000021df14f6420;
T_1 ;
    %pushi/vec4 0, 0, 1;
    %store/vec4 v0000021df15bae40_0, 0, 1;
    %end;
    .thread T_1;
    .scope S_0000021df14f6420;
T_2 ;
    %delay 5, 0;
    %load/vec4 v0000021df15bae40_0;
    %inv;
    %store/vec4 v0000021df15bae40_0, 0, 1;
    %jmp T_2;
    .thread T_2;
    .scope S_0000021df14f6420;
T_3 ;
    %pushi/vec4 1, 0, 1;
    %store/vec4 v0000021df15baee0_0, 0, 1;
    %delay 15, 0;
    %pushi/vec4 0, 0, 1;
    %store/vec4 v0000021df15baee0_0, 0, 1;
    %delay 200, 0;
    %pushi/vec4 1, 0, 1;
    %store/vec4 v0000021df15baee0_0, 0, 1;
    %delay 10, 0;
    %vpi_call 2 18 "$finish" {0 0 0};
    %end;
    .thread T_3;
    .scope S_0000021df14f6420;
T_4 ;
    %vpi_call 2 23 "$dumpfile", "counter.vcd" {0 0 0};
    %vpi_call 2 24 "$dumpvars", 32'sb00000000000000000000000000000000, S_0000021df14f6420 {0 0 0};
    %vpi_call 2 25 "$monitor", $time, " Count: %d", v0000021df1538820_0 {0 0 0};
    %pushi/vec4 1, 0, 1;
    %store/vec4 v0000021df15baee0_0, 0, 1;
    %delay 10, 0;
    %end;
    .thread T_4;
# The file index is used to find the file name in the following table.
:file_names 4;
    "N/A";
    "<interactive>";
    "counter_tb.v";
    "./counter.v";
