#! /c/Source/iverilog-install/bin/vvp
:ivl_version "12.0 (devel)" "(s20150603-1539-g2693dd32b)";
:ivl_delay_selection "TYPICAL";
:vpi_time_precision + 0;
:vpi_module "C:\iverilog\lib\ivl\system.vpi";
:vpi_module "C:\iverilog\lib\ivl\vhdl_sys.vpi";
:vpi_module "C:\iverilog\lib\ivl\vhdl_textio.vpi";
:vpi_module "C:\iverilog\lib\ivl\v2005_math.vpi";
:vpi_module "C:\iverilog\lib\ivl\va_math.vpi";
S_0000020548c52c40 .scope module, "counter" "counter" 2 1;
 .timescale 0 0;
    .port_info 0 /INPUT 1 "clear";
    .port_info 1 /INPUT 1 "clock";
    .port_info 2 /OUTPUT 8 "count";
P_0000020548c851c0 .param/l "N" 0 2 3, +C4<00000000000000000000000000000111>;
o0000020548c86fb8 .functor BUFZ 1, C4<z>; HiZ drive
v0000020548c52dd0_0 .net "clear", 0 0, o0000020548c86fb8;  0 drivers
o0000020548c86fe8 .functor BUFZ 1, C4<z>; HiZ drive
v0000020548c52e70_0 .net "clock", 0 0, o0000020548c86fe8;  0 drivers
v0000020548c52f10_0 .var "count", 7 0;
E_0000020548c85700 .event negedge, v0000020548c52e70_0;
    .scope S_0000020548c52c40;
T_0 ;
    %wait E_0000020548c85700;
    %load/vec4 v0000020548c52dd0_0;
    %flag_set/vec4 8;
    %jmp/0xz  T_0.0, 8;
    %pushi/vec4 0, 0, 8;
    %assign/vec4 v0000020548c52f10_0, 0;
    %jmp T_0.1;
T_0.0 ;
    %load/vec4 v0000020548c52f10_0;
    %addi 1, 0, 8;
    %assign/vec4 v0000020548c52f10_0, 0;
T_0.1 ;
    %jmp T_0;
    .thread T_0;
# The file index is used to find the file name in the following table.
:file_names 3;
    "N/A";
    "<interactive>";
    "counter.v";
